[2026-01-12T14:03:36.602Z] Attempt: {"body":{"customerId":"cmk2p6ean001lnertqivnxlw5","vehicleId":"cmk2p6ean001mnert82kvverk","notes":"Revisão Completa","scheduledFor":"2026-01-12T11:03","sellerId":"227e4242-9b07-4a39-ba8d-290d3d40bcdf"},"userId":"227e4242-9b07-4a39-ba8d-290d3d40bcdf"}
[2026-01-12T14:03:36.608Z] FAILURE: 
Invalid `prisma.workOrder.create()` invocation:

{
  data: {
    customerId: "cmk2p6ean001lnertqivnxlw5",
    vehicleId: "cmk2p6ean001mnert82kvverk",
    status: "ABERTA",
    createdById: "227e4242-9b07-4a39-ba8d-290d3d40bcdf",
    sellerId: "227e4242-9b07-4a39-ba8d-290d3d40bcdf",
    ~~~~~~~~
    notes: "Revisão Completa",
    scheduledFor: new Date("2026-01-12T14:03:00.000Z"),
    statusHistory: {
      create: {
        newStatus: "ABERTA",
        changedById: "227e4242-9b07-4a39-ba8d-290d3d40bcdf",
        notes: "Abertura de OS"
      }
    },
?   id?: String,
?   code?: Int,
?   responsibleId?: String | Null,
?   totalParts?: Decimal,
?   totalLabor?: Decimal,
?   totalValue?: Decimal,
?   discount?: Decimal,
?   createdAt?: DateTime,
?   updatedAt?: DateTime,
?   items?: WorkOrderItemUncheckedCreateNestedManyWithoutWorkOrderInput,
?   financials?: FinancialRecordUncheckedCreateNestedManyWithoutWorkOrderInput
  }
}

Unknown argument `sellerId`. Available options are marked with ?.
PrismaClientValidationError: 
Invalid `prisma.workOrder.create()` invocation:

{
  data: {
    customerId: "cmk2p6ean001lnertqivnxlw5",
    vehicleId: "cmk2p6ean001mnert82kvverk",
    status: "ABERTA",
    createdById: "227e4242-9b07-4a39-ba8d-290d3d40bcdf",
    sellerId: "227e4242-9b07-4a39-ba8d-290d3d40bcdf",
    ~~~~~~~~
    notes: "Revisão Completa",
    scheduledFor: new Date("2026-01-12T14:03:00.000Z"),
    statusHistory: {
      create: {
        newStatus: "ABERTA",
        changedById: "227e4242-9b07-4a39-ba8d-290d3d40bcdf",
        notes: "Abertura de OS"
      }
    },
?   id?: String,
?   code?: Int,
?   responsibleId?: String | Null,
?   totalParts?: Decimal,
?   totalLabor?: Decimal,
?   totalValue?: Decimal,
?   discount?: Decimal,
?   createdAt?: DateTime,
?   updatedAt?: DateTime,
?   items?: WorkOrderItemUncheckedCreateNestedManyWithoutWorkOrderInput,
?   financials?: FinancialRecordUncheckedCreateNestedManyWithoutWorkOrderInput
  }
}

Unknown argument `sellerId`. Available options are marked with ?.
    at wn (webpack-internal:///(rsc)/./lib/generated/prisma/runtime/library.js:3654:11)
    at $n.handleRequestError (webpack-internal:///(rsc)/./lib/generated/prisma/runtime/library.js:6769:13)
    at $n.handleAndLogRequestError (webpack-internal:///(rsc)/./lib/generated/prisma/runtime/library.js:6756:18)
    at $n.request (webpack-internal:///(rsc)/./lib/generated/prisma/runtime/library.js:6736:18)
    at async l1 (webpack-internal:///(rsc)/./lib/generated/prisma/runtime/library.js:7404:26)
    at async POST (webpack-internal:///(rsc)/./app/api/work-orders/route.ts:107:20)
    at async C:\Users\luckh\Desktop\Nova pasta\Malut-Oficina\node_modules\next\dist\compiled\next-server\app-route.runtime.dev.js:6:63251
[2026-01-12T14:11:24.278Z] Attempt: {"body":{"customerId":"cmk2p6ean001lnertqivnxlw5","vehicleId":"cmk2p6ean001mnert82kvverk","notes":"Revisão completa ","scheduledFor":"2026-01-12T11:11","sellerId":"227e4242-9b07-4a39-ba8d-290d3d40bcdf"},"userId":"227e4242-9b07-4a39-ba8d-290d3d40bcdf"}
[2026-01-12T14:26:20.644Z] Attempt: {"body":{"customerId":"cmk2p6ean001lnertqivnxlw5","vehicleId":"cmk2p6ean001mnert82kvverk","notes":"Revisão Completa","scheduledFor":"2026-01-12T11:26","sellerId":"227e4242-9b07-4a39-ba8d-290d3d40bcdf"},"userId":"227e4242-9b07-4a39-ba8d-290d3d40bcdf"}
[2026-01-12T14:27:08.986Z] Attempt: {"body":{"customerId":"cmk2p6ean001lnertqivnxlw5","vehicleId":"cmk2p6ean001mnert82kvverk","notes":"revisão","scheduledFor":"2026-01-12T11:27","sellerId":"227e4242-9b07-4a39-ba8d-290d3d40bcdf"},"userId":"227e4242-9b07-4a39-ba8d-290d3d40bcdf"}
[2026-01-12T14:31:38.852Z] Attempt: {"body":{"customerId":"cmk2p6ean001lnertqivnxlw5","vehicleId":"cmk2p6ean001mnert82kvverk","notes":"Revisão Completa","scheduledFor":"2026-01-12T11:31","sellerId":"227e4242-9b07-4a39-ba8d-290d3d40bcdf"},"userId":"227e4242-9b07-4a39-ba8d-290d3d40bcdf"}
[2026-01-12T16:27:48.943Z] Attempt: {"body":{"customerId":"cmk2p6ean001lnertqivnxlw5","vehicleId":"cmk2p6ean001mnert82kvverk","notes":"REVISÂO COMPLETA","scheduledFor":"2026-01-12T13:27","sellerId":"227e4242-9b07-4a39-ba8d-290d3d40bcdf"},"userId":"227e4242-9b07-4a39-ba8d-290d3d40bcdf"}
[2026-01-12T20:32:08.026Z] Attempt: {"body":{"customerId":"cmk2p6ean001lnertqivnxlw5","vehicleId":"cmk2p6ean001mnert82kvverk","notes":"","scheduledFor":"2026-01-12T17:32","sellerId":"227e4242-9b07-4a39-ba8d-290d3d40bcdf"},"userId":"227e4242-9b07-4a39-ba8d-290d3d40bcdf"}
[2026-01-13T12:12:49.244Z] Attempt: {"body":{"customerId":"cmk2p6ean001lnertqivnxlw5","vehicleId":"cmk2p6ean001mnert82kvverk","notes":"Revisão completa","scheduledFor":"2026-01-13T09:12","sellerId":"227e4242-9b07-4a39-ba8d-290d3d40bcdf"},"userId":"227e4242-9b07-4a39-ba8d-290d3d40bcdf"}
